<?xml version="1.0" encoding="UTF-8"?>
<!-- Generated by org.testng.reporters.JUnitXMLReporter -->
<testsuite ignored="0" hostname="L-INE-CTRSYZ2" failures="0" tests="3" name="Default test" time="0.072" errors="0" timestamp="2023-09-05T10:50:38 IST">
  <testcase classname="unit_tesing_5_9_2023.NewTest" name="f" time="0.009"/>
  <testcase classname="unit_tesing_5_9_2023.NewTest" name="f1" time="0.002"/>
  <testcase classname="unit_tesing_5_9_2023.NewTest" name="f2" time="0.0"/>
</testsuite> <!-- Default test -->
