<?xml version="1.0" encoding="UTF-8"?>
<!-- Generated by org.testng.reporters.JUnitXMLReporter -->
<testsuite ignored="1" hostname="L-INE-CTRSYZ2" failures="1" tests="2" name="Test" time="5.239" errors="0" timestamp="2023-09-04T17:58:15 IST">
  <testcase classname="testng_assertion_4_9_2023.depends0n_classs" name="f2" time="0.01">
    <failure type="java.lang.NullPointerException" message="Cannot invoke &amp;quot;org.openqa.selenium.WebDriver.quit()&amp;quot; because &amp;quot;this.driver&amp;quot; is null">
      <![CDATA[java.lang.NullPointerException: Cannot invoke "org.openqa.selenium.WebDriver.quit()" because "this.driver" is null
at testng_assertion_4_9_2023.depends0n_classs.f2(depends0n_classs.java:31)
at java.base/java.util.concurrent.ThreadPoolExecutor.runWorker(ThreadPoolExecutor.java:1136)
at java.base/java.util.concurrent.ThreadPoolExecutor$Worker.run(ThreadPoolExecutor.java:635)
at java.base/java.lang.Thread.run(Thread.java:833)
... Removed 12 stack frames]]>
    </failure>
  </testcase> <!-- f2 -->
  <testcase classname="testng_assertion_4_9_2023.depends0n_classs" name="f" time="5.185"/>
  <testcase classname="testng_assertion_4_9_2023.depends0n_classs" name="f1" time="0.0">
    <ignored/>
  </testcase> <!-- f1 -->
</testsuite> <!-- Test -->
