<?xml version="1.0" encoding="UTF-8"?>
<testng-results ignored="0" total="2" passed="2" failed="0" skipped="0">
  <reporter-output>
  </reporter-output>
  <suite started-at="2023-09-01T17:42:00 IST" name="Suite" finished-at="2023-09-01T17:42:05 IST" duration-ms="5039">
    <groups>
    </groups>
    <test started-at="2023-09-01T17:42:00 IST" name="Test" finished-at="2023-09-01T17:42:05 IST" duration-ms="5039">
      <class name="com.seleniumproject.seleniumProject.NewTest1">
        <test-method signature="f2()[pri:0, instance:com.seleniumproject.seleniumProject.NewTest1@18e36d14]" started-at="2023-09-01T17:42:00 IST" name="f2" finished-at="2023-09-01T17:42:05 IST" duration-ms="4464" status="PASS">
          <reporter-output>
          </reporter-output>
        </test-method> <!-- f2 -->
        <test-method signature="f()[pri:0, instance:com.seleniumproject.seleniumProject.NewTest1@18e36d14]" started-at="2023-09-01T17:42:00 IST" name="f" finished-at="2023-09-01T17:42:05 IST" duration-ms="4993" status="PASS">
          <reporter-output>
          </reporter-output>
        </test-method> <!-- f -->
      </class> <!-- com.seleniumproject.seleniumProject.NewTest1 -->
    </test> <!-- Test -->
  </suite> <!-- Suite -->
</testng-results>
