<?xml version="1.0" encoding="UTF-8"?>
<testng-results ignored="0" total="1" passed="1" failed="0" skipped="0">
  <reporter-output>
  </reporter-output>
  <suite started-at="2023-09-05T12:32:37 IST" name="Suite" finished-at="2023-09-05T12:32:47 IST" duration-ms="10652">
    <groups>
    </groups>
    <test started-at="2023-09-05T12:32:37 IST" name="Test" finished-at="2023-09-05T12:32:47 IST" duration-ms="10652">
      <class name="unit_tesing_5_9_2023.test_parameters">
        <test-method is-config="true" signature="befireMethod(java.lang.String)[pri:0, instance:unit_tesing_5_9_2023.test_parameters@15bb5034]" started-at="2023-09-05T12:32:37 IST" name="befireMethod" finished-at="2023-09-05T12:32:44 IST" duration-ms="7348" status="PASS">
          <params>
            <param index="0">
              <value>
                <![CDATA[chrome]]>
              </value>
            </param>
          </params>
          <reporter-output>
          </reporter-output>
        </test-method> <!-- befireMethod -->
        <test-method signature="f()[pri:0, instance:unit_tesing_5_9_2023.test_parameters@15bb5034]" started-at="2023-09-05T12:32:44 IST" name="f" finished-at="2023-09-05T12:32:47 IST" duration-ms="3252" status="PASS">
          <reporter-output>
          </reporter-output>
        </test-method> <!-- f -->
      </class> <!-- unit_tesing_5_9_2023.test_parameters -->
    </test> <!-- Test -->
  </suite> <!-- Suite -->
</testng-results>
